{"C:\\Users\\giuli\\Semestre 4\\Fundamentos de Ingenieria\\grupo5-Bardecio-Caiafa-v3\\src\\dominio\\sintaxisAgregar.js": {"path":"C:\\Users\\giuli\\Semestre 4\\Fundamentos de Ingenieria\\grupo5-Bardecio-Caiafa-v3\\src\\dominio\\sintaxisAgregar.js","statementMap":{"0":{"start":{"line":2,"column":17},"end":{"line":2,"column":21}},"1":{"start":{"line":3,"column":4},"end":{"line":9,"column":5}},"2":{"start":{"line":4,"column":8},"end":{"line":4,"column":23}},"3":{"start":{"line":5,"column":10},"end":{"line":9,"column":5}},"4":{"start":{"line":6,"column":8},"end":{"line":6,"column":23}},"5":{"start":{"line":7,"column":10},"end":{"line":9,"column":5}},"6":{"start":{"line":8,"column":8},"end":{"line":8,"column":23}},"7":{"start":{"line":10,"column":4},"end":{"line":10,"column":18}},"8":{"start":{"line":13,"column":0},"end":{"line":13,"column":33}}},"fnMap":{"0":{"name":"sintaxisAgregar","decl":{"start":{"line":1,"column":9},"end":{"line":1,"column":24}},"loc":{"start":{"line":1,"column":40},"end":{"line":11,"column":1}},"line":1}},"branchMap":{"0":{"loc":{"start":{"line":3,"column":4},"end":{"line":9,"column":5}},"type":"if","locations":[{"start":{"line":3,"column":4},"end":{"line":9,"column":5}},{"start":{"line":3,"column":4},"end":{"line":9,"column":5}}],"line":3},"1":{"loc":{"start":{"line":5,"column":10},"end":{"line":9,"column":5}},"type":"if","locations":[{"start":{"line":5,"column":10},"end":{"line":9,"column":5}},{"start":{"line":5,"column":10},"end":{"line":9,"column":5}}],"line":5},"2":{"loc":{"start":{"line":7,"column":10},"end":{"line":9,"column":5}},"type":"if","locations":[{"start":{"line":7,"column":10},"end":{"line":9,"column":5}},{"start":{"line":7,"column":10},"end":{"line":9,"column":5}}],"line":7}},"s":{"0":6,"1":6,"2":3,"3":3,"4":1,"5":2,"6":1,"7":6,"8":1},"f":{"0":6},"b":{"0":[3,3],"1":[1,2],"2":[1,1]},"_coverageSchema":"1a1c01bbd47fc00a2c39e90264f33305004495a9","hash":"8201c33d9152d01905ca9d32bb670d14aa4dad23"}
,"C:\\Users\\giuli\\Semestre 4\\Fundamentos de Ingenieria\\grupo5-Bardecio-Caiafa-v3\\src\\dominio\\sintaxisPagar.js": {"path":"C:\\Users\\giuli\\Semestre 4\\Fundamentos de Ingenieria\\grupo5-Bardecio-Caiafa-v3\\src\\dominio\\sintaxisPagar.js","statementMap":{"0":{"start":{"line":2,"column":17},"end":{"line":2,"column":21}},"1":{"start":{"line":3,"column":4},"end":{"line":7,"column":5}},"2":{"start":{"line":4,"column":8},"end":{"line":4,"column":23}},"3":{"start":{"line":5,"column":10},"end":{"line":7,"column":5}},"4":{"start":{"line":6,"column":8},"end":{"line":6,"column":23}},"5":{"start":{"line":8,"column":4},"end":{"line":8,"column":18}},"6":{"start":{"line":11,"column":0},"end":{"line":11,"column":31}}},"fnMap":{"0":{"name":"sintaxisPagar","decl":{"start":{"line":1,"column":9},"end":{"line":1,"column":22}},"loc":{"start":{"line":1,"column":38},"end":{"line":9,"column":1}},"line":1}},"branchMap":{"0":{"loc":{"start":{"line":3,"column":4},"end":{"line":7,"column":5}},"type":"if","locations":[{"start":{"line":3,"column":4},"end":{"line":7,"column":5}},{"start":{"line":3,"column":4},"end":{"line":7,"column":5}}],"line":3},"1":{"loc":{"start":{"line":5,"column":10},"end":{"line":7,"column":5}},"type":"if","locations":[{"start":{"line":5,"column":10},"end":{"line":7,"column":5}},{"start":{"line":5,"column":10},"end":{"line":7,"column":5}}],"line":5},"2":{"loc":{"start":{"line":5,"column":13},"end":{"line":5,"column":40}},"type":"binary-expr","locations":[{"start":{"line":5,"column":13},"end":{"line":5,"column":25}},{"start":{"line":5,"column":29},"end":{"line":5,"column":40}}],"line":5}},"s":{"0":5,"1":5,"2":2,"3":3,"4":2,"5":5,"6":1},"f":{"0":5},"b":{"0":[2,3],"1":[2,1],"2":[3,2]},"_coverageSchema":"1a1c01bbd47fc00a2c39e90264f33305004495a9","hash":"9c94ec589bc2077dbfa735266ebff5be806069b0"}
,"C:\\Users\\giuli\\Semestre 4\\Fundamentos de Ingenieria\\grupo5-Bardecio-Caiafa-v3\\src\\dominio\\sistema.js": {"path":"C:\\Users\\giuli\\Semestre 4\\Fundamentos de Ingenieria\\grupo5-Bardecio-Caiafa-v3\\src\\dominio\\sistema.js","statementMap":{"0":{"start":{"line":5,"column":8},"end":{"line":5,"column":25}},"1":{"start":{"line":6,"column":8},"end":{"line":6,"column":23}},"2":{"start":{"line":7,"column":8},"end":{"line":7,"column":25}},"3":{"start":{"line":8,"column":8},"end":{"line":8,"column":32}},"4":{"start":{"line":13,"column":8},"end":{"line":13,"column":28}},"5":{"start":{"line":17,"column":8},"end":{"line":17,"column":33}},"6":{"start":{"line":21,"column":8},"end":{"line":21,"column":26}},"7":{"start":{"line":25,"column":8},"end":{"line":25,"column":29}},"8":{"start":{"line":29,"column":8},"end":{"line":29,"column":28}},"9":{"start":{"line":33,"column":8},"end":{"line":33,"column":33}},"10":{"start":{"line":37,"column":8},"end":{"line":37,"column":34}},"11":{"start":{"line":41,"column":8},"end":{"line":41,"column":46}}},"fnMap":{"0":{"name":"(anonymous_0)","decl":{"start":{"line":4,"column":4},"end":{"line":4,"column":5}},"loc":{"start":{"line":4,"column":17},"end":{"line":10,"column":5}},"line":4},"1":{"name":"(anonymous_1)","decl":{"start":{"line":12,"column":4},"end":{"line":12,"column":5}},"loc":{"start":{"line":12,"column":16},"end":{"line":14,"column":5}},"line":12},"2":{"name":"(anonymous_2)","decl":{"start":{"line":16,"column":4},"end":{"line":16,"column":5}},"loc":{"start":{"line":16,"column":24},"end":{"line":18,"column":5}},"line":16},"3":{"name":"(anonymous_3)","decl":{"start":{"line":20,"column":4},"end":{"line":20,"column":5}},"loc":{"start":{"line":20,"column":14},"end":{"line":22,"column":5}},"line":20},"4":{"name":"(anonymous_4)","decl":{"start":{"line":24,"column":4},"end":{"line":24,"column":5}},"loc":{"start":{"line":24,"column":20},"end":{"line":26,"column":5}},"line":24},"5":{"name":"(anonymous_5)","decl":{"start":{"line":28,"column":4},"end":{"line":28,"column":5}},"loc":{"start":{"line":28,"column":16},"end":{"line":30,"column":5}},"line":28},"6":{"name":"(anonymous_6)","decl":{"start":{"line":32,"column":4},"end":{"line":32,"column":5}},"loc":{"start":{"line":32,"column":24},"end":{"line":34,"column":5}},"line":32},"7":{"name":"(anonymous_7)","decl":{"start":{"line":36,"column":4},"end":{"line":36,"column":5}},"loc":{"start":{"line":36,"column":22},"end":{"line":38,"column":5}},"line":36},"8":{"name":"(anonymous_8)","decl":{"start":{"line":40,"column":4},"end":{"line":40,"column":5}},"loc":{"start":{"line":40,"column":34},"end":{"line":42,"column":5}},"line":40}},"branchMap":{},"s":{"0":5,"1":5,"2":5,"3":5,"4":3,"5":3,"6":3,"7":2,"8":3,"9":2,"10":0,"11":0},"f":{"0":5,"1":3,"2":3,"3":3,"4":2,"5":3,"6":2,"7":0,"8":0},"b":{},"_coverageSchema":"1a1c01bbd47fc00a2c39e90264f33305004495a9","hash":"65adbbecc92e9a060f2631de28c510ac6f03a2b7"}
,"C:\\Users\\giuli\\Semestre 4\\Fundamentos de Ingenieria\\grupo5-Bardecio-Caiafa-v3\\src\\dominio\\transaccion.js": {"path":"C:\\Users\\giuli\\Semestre 4\\Fundamentos de Ingenieria\\grupo5-Bardecio-Caiafa-v3\\src\\dominio\\transaccion.js","statementMap":{"0":{"start":{"line":4,"column":8},"end":{"line":4,"column":30}},"1":{"start":{"line":5,"column":8},"end":{"line":5,"column":26}},"2":{"start":{"line":6,"column":8},"end":{"line":6,"column":28}},"3":{"start":{"line":7,"column":8},"end":{"line":7,"column":47}},"4":{"start":{"line":8,"column":8},"end":{"line":8,"column":36}},"5":{"start":{"line":12,"column":8},"end":{"line":12,"column":27}},"6":{"start":{"line":16,"column":8},"end":{"line":16,"column":27}},"7":{"start":{"line":20,"column":8},"end":{"line":20,"column":25}},"8":{"start":{"line":24,"column":8},"end":{"line":24,"column":25}},"9":{"start":{"line":28,"column":8},"end":{"line":28,"column":26}},"10":{"start":{"line":32,"column":8},"end":{"line":32,"column":28}},"11":{"start":{"line":36,"column":8},"end":{"line":36,"column":26}},"12":{"start":{"line":40,"column":8},"end":{"line":40,"column":30}},"13":{"start":{"line":44,"column":8},"end":{"line":44,"column":34}}},"fnMap":{"0":{"name":"(anonymous_0)","decl":{"start":{"line":3,"column":4},"end":{"line":3,"column":5}},"loc":{"start":{"line":3,"column":51},"end":{"line":9,"column":5}},"line":3},"1":{"name":"(anonymous_1)","decl":{"start":{"line":11,"column":4},"end":{"line":11,"column":5}},"loc":{"start":{"line":11,"column":15},"end":{"line":13,"column":5}},"line":11},"2":{"name":"(anonymous_2)","decl":{"start":{"line":15,"column":4},"end":{"line":15,"column":5}},"loc":{"start":{"line":15,"column":19},"end":{"line":17,"column":5}},"line":15},"3":{"name":"(anonymous_3)","decl":{"start":{"line":19,"column":4},"end":{"line":19,"column":5}},"loc":{"start":{"line":19,"column":13},"end":{"line":21,"column":5}},"line":19},"4":{"name":"(anonymous_4)","decl":{"start":{"line":23,"column":4},"end":{"line":23,"column":5}},"loc":{"start":{"line":23,"column":17},"end":{"line":25,"column":5}},"line":23},"5":{"name":"(anonymous_5)","decl":{"start":{"line":27,"column":4},"end":{"line":27,"column":5}},"loc":{"start":{"line":27,"column":14},"end":{"line":29,"column":5}},"line":27},"6":{"name":"(anonymous_6)","decl":{"start":{"line":31,"column":4},"end":{"line":31,"column":5}},"loc":{"start":{"line":31,"column":20},"end":{"line":33,"column":5}},"line":31},"7":{"name":"(anonymous_7)","decl":{"start":{"line":35,"column":4},"end":{"line":35,"column":5}},"loc":{"start":{"line":35,"column":14},"end":{"line":37,"column":5}},"line":35},"8":{"name":"(anonymous_8)","decl":{"start":{"line":39,"column":4},"end":{"line":39,"column":5}},"loc":{"start":{"line":39,"column":18},"end":{"line":41,"column":5}},"line":39},"9":{"name":"(anonymous_9)","decl":{"start":{"line":43,"column":4},"end":{"line":43,"column":5}},"loc":{"start":{"line":43,"column":26},"end":{"line":45,"column":5}},"line":43}},"branchMap":{},"s":{"0":8,"1":8,"2":8,"3":8,"4":8,"5":8,"6":0,"7":8,"8":0,"9":8,"10":1,"11":0,"12":8,"13":1},"f":{"0":8,"1":8,"2":0,"3":8,"4":0,"5":8,"6":1,"7":0,"8":8,"9":1},"b":{},"_coverageSchema":"1a1c01bbd47fc00a2c39e90264f33305004495a9","hash":"e698c694d186715bf0aff7fd1800e6fd15862261"}
}
