TN:
SF:sintaxisAgregar.js
FN:1,sintaxisAgregar
FNF:1
FNH:1
FNDA:6,sintaxisAgregar
DA:2,6
DA:3,6
DA:4,3
DA:5,3
DA:6,1
DA:7,2
DA:8,1
DA:10,6
DA:13,1
LF:9
LH:9
BRDA:3,0,0,3
BRDA:3,0,1,3
BRDA:5,1,0,1
BRDA:5,1,1,2
BRDA:7,2,0,1
BRDA:7,2,1,1
BRF:6
BRH:6
end_of_record
TN:
SF:sintaxisPagar.js
FN:1,sintaxisPagar
FNF:1
FNH:1
FNDA:5,sintaxisPagar
DA:2,5
DA:3,5
DA:4,2
DA:5,3
DA:6,2
DA:8,5
DA:11,1
LF:7
LH:7
BRDA:3,0,0,2
BRDA:3,0,1,3
BRDA:5,1,0,2
BRDA:5,1,1,1
BRDA:5,2,0,3
BRDA:5,2,1,2
BRF:6
BRH:6
end_of_record
TN:
SF:sistema.js
FN:4,(anonymous_0)
FN:12,(anonymous_1)
FN:16,(anonymous_2)
FN:20,(anonymous_3)
FN:24,(anonymous_4)
FN:28,(anonymous_5)
FN:32,(anonymous_6)
FN:36,(anonymous_7)
FN:40,(anonymous_8)
FNF:9
FNH:7
FNDA:5,(anonymous_0)
FNDA:3,(anonymous_1)
FNDA:3,(anonymous_2)
FNDA:3,(anonymous_3)
FNDA:2,(anonymous_4)
FNDA:3,(anonymous_5)
FNDA:2,(anonymous_6)
FNDA:0,(anonymous_7)
FNDA:0,(anonymous_8)
DA:5,5
DA:6,5
DA:7,5
DA:8,5
DA:13,3
DA:17,3
DA:21,3
DA:25,2
DA:29,3
DA:33,2
DA:37,0
DA:41,0
LF:12
LH:10
BRF:0
BRH:0
end_of_record
TN:
SF:transaccion.js
FN:3,(anonymous_0)
FN:11,(anonymous_1)
FN:15,(anonymous_2)
FN:19,(anonymous_3)
FN:23,(anonymous_4)
FN:27,(anonymous_5)
FN:31,(anonymous_6)
FN:35,(anonymous_7)
FN:39,(anonymous_8)
FN:43,(anonymous_9)
FNF:10
FNH:7
FNDA:8,(anonymous_0)
FNDA:8,(anonymous_1)
FNDA:0,(anonymous_2)
FNDA:8,(anonymous_3)
FNDA:0,(anonymous_4)
FNDA:8,(anonymous_5)
FNDA:1,(anonymous_6)
FNDA:0,(anonymous_7)
FNDA:8,(anonymous_8)
FNDA:1,(anonymous_9)
DA:4,8
DA:5,8
DA:6,8
DA:7,8
DA:8,8
DA:12,8
DA:16,0
DA:20,8
DA:24,0
DA:28,8
DA:32,1
DA:36,0
DA:40,8
DA:44,1
LF:14
LH:11
BRF:0
BRH:0
end_of_record
